<?xml version="1.0" encoding="UTF-8"?>
<!-- Generated by org.testng.reporters.JUnitReportReporter -->
<testsuite skipped="1" hostname="IN2056324W1" name="com.automation.test.LoginTest" tests="2" failures="0" timestamp="2020-05-30T12:04:41 BST" time="12.262" errors="0">
  <testcase name="searchProduct" time="12.262" classname="com.automation.test.LoginTest"/>
  <testcase name="Login" classname="com.automation.test.LoginTest">
    <skipped/>
  </testcase> <!-- Login -->
</testsuite> <!-- com.automation.test.LoginTest -->
