<?xml version="1.0" encoding="UTF-8"?>
<!-- Generated by org.testng.reporters.JUnitReportReporter -->
<testsuite skipped="1" hostname="IN2056324W1" name="com.automation.test.LoginTest" tests="2" failures="0" timestamp="2020-06-11T09:48:02 BST" time="20.919" errors="0">
  <testcase name="searchProduct" time="20.919" classname="com.automation.test.LoginTest"/>
  <testcase name="Login" classname="com.automation.test.LoginTest">
    <skipped/>
  </testcase> <!-- Login -->
</testsuite> <!-- com.automation.test.LoginTest -->
